Flow report for memoria
Mon Jul 28 15:16:09 2025
Quartus II 64-Bit Version 13.1.0 Build 162 10/23/2013 SJ Web Edition


---------------------
; Table of Contents ;
---------------------
  1. Legal Notice
  2. Flow Summary
  3. Flow Settings
  4. Flow Non-Default Global Settings
  5. Flow Elapsed Time
  6. Flow OS Summary
  7. Flow Log
  8. Flow Messages
  9. Flow Suppressed Messages



----------------
; Legal Notice ;
----------------
Copyright (C) 1991-2013 Altera Corporation
Your use of Altera Corporation's design tools, logic functions 
and other software and tools, and its AMPP partner logic 
functions, and any output files from any of the foregoing 
(including device programming or simulation files), and any 
associated documentation or information are expressly subject 
to the terms and conditions of the Altera Program License 
Subscription Agreement, Altera MegaCore Function License 
Agreement, or other applicable license agreement, including, 
without limitation, that your use is for the sole purpose of 
programming logic devices manufactured by Altera and sold by 
Altera or its authorized distributors.  Please refer to the 
applicable agreement for further details.



+---------------------------------------------------------------------------------+
; Flow Summary                                                                    ;
+------------------------------------+--------------------------------------------+
; Flow Status                        ; Successful - Mon Jul 28 15:16:09 2025      ;
; Quartus II 64-Bit Version          ; 13.1.0 Build 162 10/23/2013 SJ Web Edition ;
; Revision Name                      ; memoria                                    ;
; Top-level Entity Name              ; Incrementador                              ;
; Family                             ; Cyclone IV GX                              ;
; Total logic elements               ; 34 / 14,400 ( < 1 % )                      ;
;     Total combinational functions  ; 34 / 14,400 ( < 1 % )                      ;
;     Dedicated logic registers      ; 14 / 14,400 ( < 1 % )                      ;
; Total registers                    ; 14                                         ;
; Total pins                         ; 34 / 81 ( 42 % )                           ;
; Total virtual pins                 ; 0                                          ;
; Total memory bits                  ; 0 / 552,960 ( 0 % )                        ;
; Embedded Multiplier 9-bit elements ; 0                                          ;
; Total GXB Receiver Channel PCS     ; 0 / 2 ( 0 % )                              ;
; Total GXB Receiver Channel PMA     ; 0 / 2 ( 0 % )                              ;
; Total GXB Transmitter Channel PCS  ; 0 / 2 ( 0 % )                              ;
; Total GXB Transmitter Channel PMA  ; 0 / 2 ( 0 % )                              ;
; Total PLLs                         ; 0 / 3 ( 0 % )                              ;
; Device                             ; EP4CGX15BF14C6                             ;
; Timing Models                      ; Final                                      ;
+------------------------------------+--------------------------------------------+


+-----------------------------------------+
; Flow Settings                           ;
+-------------------+---------------------+
; Option            ; Setting             ;
+-------------------+---------------------+
; Start date & time ; 07/28/2025 15:15:20 ;
; Main task         ; Compilation         ;
; Revision Name     ; memoria             ;
+-------------------+---------------------+


+-----------------------------------------------------------------------------------------------------------------------------------------------------------+
; Flow Non-Default Global Settings                                                                                                                          ;
+-------------------------------------+--------------------------------------------------------------------+---------------+---------------+----------------+
; Assignment Name                     ; Value                                                              ; Default Value ; Entity Name   ; Section Id     ;
+-------------------------------------+--------------------------------------------------------------------+---------------+---------------+----------------+
; COMPILER_SIGNATURE_ID               ; 161407191313948.175372652012112                                    ; --            ; --            ; --             ;
; EDA_GENERATE_FUNCTIONAL_NETLIST     ; On                                                                 ; --            ; --            ; eda_simulation ;
; EDA_NETLIST_WRITER_OUTPUT_DIR       ; C:/Users/exaul/OneDrive/Escritorio/IDL_ENTREGABLE/simulation/qsim/ ; --            ; --            ; eda_simulation ;
; EDA_OUTPUT_DATA_FORMAT              ; Verilog Hdl                                                        ; --            ; --            ; eda_simulation ;
; EDA_SIMULATION_TOOL                 ; ModelSim-Altera (Verilog)                                          ; <None>        ; --            ; --             ;
; IP_TOOL_NAME                        ; LPM_MUX                                                            ; --            ; --            ; --             ;
; IP_TOOL_VERSION                     ; 13.1                                                               ; --            ; --            ; --             ;
; MISC_FILE                           ; lpm_mux0.bsf                                                       ; --            ; --            ; --             ;
; MISC_FILE                           ; lpm_mux0.cmp                                                       ; --            ; --            ; --             ;
; PARTITION_COLOR                     ; 16764057                                                           ; --            ; Incrementador ; Top            ;
; PARTITION_FITTER_PRESERVATION_LEVEL ; PLACEMENT_AND_ROUTING                                              ; --            ; Incrementador ; Top            ;
; PARTITION_NETLIST_TYPE              ; SOURCE                                                             ; --            ; Incrementador ; Top            ;
; PROJECT_OUTPUT_DIRECTORY            ; output_files                                                       ; --            ; --            ; --             ;
; TOP_LEVEL_ENTITY                    ; Incrementador                                                      ; memoria       ; --            ; --             ;
+-------------------------------------+--------------------------------------------------------------------+---------------+---------------+----------------+


+-------------------------------------------------------------------------------------------------------------------------------+
; Flow Elapsed Time                                                                                                             ;
+---------------------------+--------------+-------------------------+---------------------+------------------------------------+
; Module Name               ; Elapsed Time ; Average Processors Used ; Peak Virtual Memory ; Total CPU Time (on all processors) ;
+---------------------------+--------------+-------------------------+---------------------+------------------------------------+
; Analysis & Synthesis      ; 00:00:02     ; 1.0                     ; 4726 MB             ; 00:00:01                           ;
; Fitter                    ; 00:00:04     ; 1.0                     ; 5033 MB             ; 00:00:04                           ;
; Assembler                 ; 00:00:01     ; 1.0                     ; 4631 MB             ; 00:00:01                           ;
; TimeQuest Timing Analyzer ; 00:00:02     ; 1.0                     ; 4642 MB             ; 00:00:02                           ;
; EDA Netlist Writer        ; 00:00:00     ; 1.0                     ; 4583 MB             ; 00:00:00                           ;
; EDA Netlist Writer        ; 00:00:01     ; 1.0                     ; 4594 MB             ; 00:00:00                           ;
; EDA Netlist Writer        ; 00:00:01     ; 1.0                     ; 4594 MB             ; 00:00:00                           ;
; Total                     ; 00:00:11     ; --                      ; --                  ; 00:00:08                           ;
+---------------------------+--------------+-------------------------+---------------------+------------------------------------+


+----------------------------------------------------------------------------------------+
; Flow OS Summary                                                                        ;
+---------------------------+------------------+-----------+------------+----------------+
; Module Name               ; Machine Hostname ; OS Name   ; OS Version ; Processor type ;
+---------------------------+------------------+-----------+------------+----------------+
; Analysis & Synthesis      ; DESKTOP-MP1J5TL  ; Windows 7 ; 6.2        ; x86_64         ;
; Fitter                    ; DESKTOP-MP1J5TL  ; Windows 7 ; 6.2        ; x86_64         ;
; Assembler                 ; DESKTOP-MP1J5TL  ; Windows 7 ; 6.2        ; x86_64         ;
; TimeQuest Timing Analyzer ; DESKTOP-MP1J5TL  ; Windows 7 ; 6.2        ; x86_64         ;
; EDA Netlist Writer        ; DESKTOP-MP1J5TL  ; Windows 7 ; 6.2        ; x86_64         ;
; EDA Netlist Writer        ; DESKTOP-MP1J5TL  ; Windows 7 ; 6.2        ; x86_64         ;
; EDA Netlist Writer        ; DESKTOP-MP1J5TL  ; Windows 7 ; 6.2        ; x86_64         ;
+---------------------------+------------------+-----------+------------+----------------+


------------
; Flow Log ;
------------
quartus_map --read_settings_files=on --write_settings_files=off IDL_Integrador -c memoria
quartus_fit --read_settings_files=off --write_settings_files=off IDL_Integrador -c memoria
quartus_asm --read_settings_files=off --write_settings_files=off IDL_Integrador -c memoria
quartus_sta IDL_Integrador -c memoria
quartus_eda --read_settings_files=off --write_settings_files=off IDL_Integrador -c memoria
quartus_eda --gen_testbench --check_outputs=on --tool=modelsim_oem --format=verilog IDL_Integrador -c memoria --vector_source=C:/Users/exaul/OneDrive/Escritorio/IDL_ENTREGABLE/Waveform.vwf --testbench_file=C:/Users/exaul/OneDrive/Escritorio/IDL_ENTREGABLE/simulation/qsim/Waveform.vwf.vt
quartus_eda --functional=on --flatten_buses=off --simulation=on --tool=modelsim_oem --format=verilog --output_directory=C:/Users/exaul/OneDrive/Escritorio/IDL_ENTREGABLE/simulation/qsim/ IDL_Integrador -c memoria



