Analysis & Synthesis report for memoria
Sun Jul 27 13:00:13 2025
Quartus II 64-Bit Version 13.1.0 Build 162 10/23/2013 SJ Web Edition


---------------------
; Table of Contents ;
---------------------
  1. Legal Notice
  2. Analysis & Synthesis Summary
  3. Analysis & Synthesis Settings
  4. Parallel Compilation
  5. Analysis & Synthesis Source Files Read
  6. Analysis & Synthesis Resource Usage Summary
  7. Analysis & Synthesis Resource Utilization by Entity
  8. Analysis & Synthesis IP Cores Summary
  9. Registers Removed During Synthesis
 10. Removed Registers Triggering Further Register Optimizations
 11. General Register Statistics
 12. Parameter Settings for User Entity Instance: lpm_mux0:inst3|LPM_MUX:LPM_MUX_component
 13. Elapsed Time Per Partition
 14. Analysis & Synthesis Messages



----------------
; Legal Notice ;
----------------
Copyright (C) 1991-2013 Altera Corporation
Your use of Altera Corporation's design tools, logic functions 
and other software and tools, and its AMPP partner logic 
functions, and any output files from any of the foregoing 
(including device programming or simulation files), and any 
associated documentation or information are expressly subject 
to the terms and conditions of the Altera Program License 
Subscription Agreement, Altera MegaCore Function License 
Agreement, or other applicable license agreement, including, 
without limitation, that your use is for the sole purpose of 
programming logic devices manufactured by Altera and sold by 
Altera or its authorized distributors.  Please refer to the 
applicable agreement for further details.



+---------------------------------------------------------------------------------+
; Analysis & Synthesis Summary                                                    ;
+------------------------------------+--------------------------------------------+
; Analysis & Synthesis Status        ; Successful - Sun Jul 27 13:00:13 2025      ;
; Quartus II 64-Bit Version          ; 13.1.0 Build 162 10/23/2013 SJ Web Edition ;
; Revision Name                      ; memoria                                    ;
; Top-level Entity Name              ; Incrementador                              ;
; Family                             ; Cyclone IV GX                              ;
; Total logic elements               ; 0                                          ;
;     Total combinational functions  ; 0                                          ;
;     Dedicated logic registers      ; 0                                          ;
; Total registers                    ; 0                                          ;
; Total pins                         ; 31                                         ;
; Total virtual pins                 ; 0                                          ;
; Total memory bits                  ; 0                                          ;
; Embedded Multiplier 9-bit elements ; 0                                          ;
; Total GXB Receiver Channel PCS     ; 0                                          ;
; Total GXB Receiver Channel PMA     ; 0                                          ;
; Total GXB Transmitter Channel PCS  ; 0                                          ;
; Total GXB Transmitter Channel PMA  ; 0                                          ;
; Total PLLs                         ; 0                                          ;
+------------------------------------+--------------------------------------------+


+----------------------------------------------------------------------------------------------------------------------+
; Analysis & Synthesis Settings                                                                                        ;
+----------------------------------------------------------------------------+--------------------+--------------------+
; Option                                                                     ; Setting            ; Default Value      ;
+----------------------------------------------------------------------------+--------------------+--------------------+
; Top-level entity name                                                      ; Incrementador      ; memoria            ;
; Family name                                                                ; Cyclone IV GX      ; Cyclone IV GX      ;
; Use smart compilation                                                      ; Off                ; Off                ;
; Enable parallel Assembler and TimeQuest Timing Analyzer during compilation ; On                 ; On                 ;
; Enable compact report table                                                ; Off                ; Off                ;
; Restructure Multiplexers                                                   ; Auto               ; Auto               ;
; Create Debugging Nodes for IP Cores                                        ; Off                ; Off                ;
; Preserve fewer node names                                                  ; On                 ; On                 ;
; Disable OpenCore Plus hardware evaluation                                  ; Off                ; Off                ;
; Verilog Version                                                            ; Verilog_2001       ; Verilog_2001       ;
; VHDL Version                                                               ; VHDL_1993          ; VHDL_1993          ;
; State Machine Processing                                                   ; Auto               ; Auto               ;
; Safe State Machine                                                         ; Off                ; Off                ;
; Extract Verilog State Machines                                             ; On                 ; On                 ;
; Extract VHDL State Machines                                                ; On                 ; On                 ;
; Ignore Verilog initial constructs                                          ; Off                ; Off                ;
; Iteration limit for constant Verilog loops                                 ; 5000               ; 5000               ;
; Iteration limit for non-constant Verilog loops                             ; 250                ; 250                ;
; Add Pass-Through Logic to Inferred RAMs                                    ; On                 ; On                 ;
; Infer RAMs from Raw Logic                                                  ; On                 ; On                 ;
; Parallel Synthesis                                                         ; On                 ; On                 ;
; DSP Block Balancing                                                        ; Auto               ; Auto               ;
; NOT Gate Push-Back                                                         ; On                 ; On                 ;
; Power-Up Don't Care                                                        ; On                 ; On                 ;
; Remove Redundant Logic Cells                                               ; Off                ; Off                ;
; Remove Duplicate Registers                                                 ; On                 ; On                 ;
; Ignore CARRY Buffers                                                       ; Off                ; Off                ;
; Ignore CASCADE Buffers                                                     ; Off                ; Off                ;
; Ignore GLOBAL Buffers                                                      ; Off                ; Off                ;
; Ignore ROW GLOBAL Buffers                                                  ; Off                ; Off                ;
; Ignore LCELL Buffers                                                       ; Off                ; Off                ;
; Ignore SOFT Buffers                                                        ; On                 ; On                 ;
; Limit AHDL Integers to 32 Bits                                             ; Off                ; Off                ;
; Optimization Technique                                                     ; Balanced           ; Balanced           ;
; Carry Chain Length                                                         ; 70                 ; 70                 ;
; Auto Carry Chains                                                          ; On                 ; On                 ;
; Auto Open-Drain Pins                                                       ; On                 ; On                 ;
; Perform WYSIWYG Primitive Resynthesis                                      ; Off                ; Off                ;
; Auto ROM Replacement                                                       ; On                 ; On                 ;
; Auto RAM Replacement                                                       ; On                 ; On                 ;
; Auto DSP Block Replacement                                                 ; On                 ; On                 ;
; Auto Shift Register Replacement                                            ; Auto               ; Auto               ;
; Allow Shift Register Merging across Hierarchies                            ; Auto               ; Auto               ;
; Auto Clock Enable Replacement                                              ; On                 ; On                 ;
; Strict RAM Replacement                                                     ; Off                ; Off                ;
; Allow Synchronous Control Signals                                          ; On                 ; On                 ;
; Force Use of Synchronous Clear Signals                                     ; Off                ; Off                ;
; Auto RAM Block Balancing                                                   ; On                 ; On                 ;
; Auto RAM to Logic Cell Conversion                                          ; Off                ; Off                ;
; Auto Resource Sharing                                                      ; Off                ; Off                ;
; Allow Any RAM Size For Recognition                                         ; Off                ; Off                ;
; Allow Any ROM Size For Recognition                                         ; Off                ; Off                ;
; Allow Any Shift Register Size For Recognition                              ; Off                ; Off                ;
; Use LogicLock Constraints during Resource Balancing                        ; On                 ; On                 ;
; Ignore translate_off and synthesis_off directives                          ; Off                ; Off                ;
; Timing-Driven Synthesis                                                    ; On                 ; On                 ;
; Report Parameter Settings                                                  ; On                 ; On                 ;
; Report Source Assignments                                                  ; On                 ; On                 ;
; Report Connectivity Checks                                                 ; On                 ; On                 ;
; Ignore Maximum Fan-Out Assignments                                         ; Off                ; Off                ;
; Synchronization Register Chain Length                                      ; 2                  ; 2                  ;
; PowerPlay Power Optimization                                               ; Normal compilation ; Normal compilation ;
; HDL message level                                                          ; Level2             ; Level2             ;
; Suppress Register Optimization Related Messages                            ; Off                ; Off                ;
; Number of Removed Registers Reported in Synthesis Report                   ; 5000               ; 5000               ;
; Number of Swept Nodes Reported in Synthesis Report                         ; 5000               ; 5000               ;
; Number of Inverted Registers Reported in Synthesis Report                  ; 100                ; 100                ;
; Clock MUX Protection                                                       ; On                 ; On                 ;
; Auto Gated Clock Conversion                                                ; Off                ; Off                ;
; Block Design Naming                                                        ; Auto               ; Auto               ;
; SDC constraint protection                                                  ; Off                ; Off                ;
; Synthesis Effort                                                           ; Auto               ; Auto               ;
; Shift Register Replacement - Allow Asynchronous Clear Signal               ; On                 ; On                 ;
; Pre-Mapping Resynthesis Optimization                                       ; Off                ; Off                ;
; Analysis & Synthesis Message Level                                         ; Medium             ; Medium             ;
; Disable Register Merging Across Hierarchies                                ; Auto               ; Auto               ;
; Resource Aware Inference For Block RAM                                     ; On                 ; On                 ;
; Synthesis Seed                                                             ; 1                  ; 1                  ;
+----------------------------------------------------------------------------+--------------------+--------------------+


Parallel compilation was disabled, but you have multiple processors available. Enable parallel compilation to reduce compilation time.
+-------------------------------------+
; Parallel Compilation                ;
+----------------------------+--------+
; Processors                 ; Number ;
+----------------------------+--------+
; Number detected on machine ; 4      ;
; Maximum allowed            ; 1      ;
+----------------------------+--------+


+---------------------------------------------------------------------------------------------------------------------------------------------------------------------------------------------------------------------+
; Analysis & Synthesis Source Files Read                                                                                                                                                                              ;
+----------------------------------+-----------------+------------------------------------+-----------------------------------------------------------------------------------------------------------------+---------+
; File Name with User-Entered Path ; Used in Netlist ; File Type                          ; File Name with Absolute Path                                                                                    ; Library ;
+----------------------------------+-----------------+------------------------------------+-----------------------------------------------------------------------------------------------------------------+---------+
; memoria.bdf                      ; yes             ; User Block Diagram/Schematic File  ; C:/Users/Usuario/Desktop/Folders/Facultad/1erCuatri2025/DiseñoLogico/IDL_Entregable/memoria.bdf                 ;         ;
; SemiSumador.bdf                  ; yes             ; User Block Diagram/Schematic File  ; C:/Users/Usuario/Desktop/Folders/Facultad/1erCuatri2025/DiseñoLogico/IDL_Entregable/SemiSumador.bdf             ;         ;
; SumadorCompleto.bdf              ; yes             ; User Block Diagram/Schematic File  ; C:/Users/Usuario/Desktop/Folders/Facultad/1erCuatri2025/DiseñoLogico/IDL_Entregable/SumadorCompleto.bdf         ;         ;
; SumadorReCompleto123.bdf         ; yes             ; User Block Diagram/Schematic File  ; C:/Users/Usuario/Desktop/Folders/Facultad/1erCuatri2025/DiseñoLogico/IDL_Entregable/SumadorReCompleto123.bdf    ;         ;
; lpm_mux0.vhd                     ; yes             ; User Wizard-Generated File         ; C:/Users/Usuario/Desktop/Folders/Facultad/1erCuatri2025/DiseñoLogico/IDL_Entregable/lpm_mux0.vhd                ;         ;
; Incrementador.bdf                ; yes             ; User Block Diagram/Schematic File  ; C:/Users/Usuario/Desktop/Folders/Facultad/1erCuatri2025/DiseñoLogico/IDL_Entregable/Incrementador.bdf           ;         ;
; MaquinaControlMultiplex.bdf      ; yes             ; User Block Diagram/Schematic File  ; C:/Users/Usuario/Desktop/Folders/Facultad/1erCuatri2025/DiseñoLogico/IDL_Entregable/MaquinaControlMultiplex.bdf ;         ;
; lpm_mux.tdf                      ; yes             ; Megafunction                       ; e:/altera/13.1/quartus/libraries/megafunctions/lpm_mux.tdf                                                      ;         ;
; aglobal131.inc                   ; yes             ; Megafunction                       ; e:/altera/13.1/quartus/libraries/megafunctions/aglobal131.inc                                                   ;         ;
; muxlut.inc                       ; yes             ; Megafunction                       ; e:/altera/13.1/quartus/libraries/megafunctions/muxlut.inc                                                       ;         ;
; bypassff.inc                     ; yes             ; Megafunction                       ; e:/altera/13.1/quartus/libraries/megafunctions/bypassff.inc                                                     ;         ;
; altshift.inc                     ; yes             ; Megafunction                       ; e:/altera/13.1/quartus/libraries/megafunctions/altshift.inc                                                     ;         ;
; db/mux_uce.tdf                   ; yes             ; Auto-Generated Megafunction        ; C:/Users/Usuario/Desktop/Folders/Facultad/1erCuatri2025/DiseñoLogico/IDL_Entregable/db/mux_uce.tdf              ;         ;
+----------------------------------+-----------------+------------------------------------+-----------------------------------------------------------------------------------------------------------------+---------+


+----------------------------------------------+
; Analysis & Synthesis Resource Usage Summary  ;
+--------------------------+-------------------+
; Resource                 ; Usage             ;
+--------------------------+-------------------+
; I/O pins                 ; 31                ;
; DSP block 9-bit elements ; 0                 ;
; Maximum fan-out node     ; CarryFinal~output ;
; Maximum fan-out          ; 1                 ;
; Total fan-out            ; 32                ;
; Average fan-out          ; 0.52              ;
+--------------------------+-------------------+


+-----------------------------------------------------------------------------------------------------------------------------------------------------------------------------------------+
; Analysis & Synthesis Resource Utilization by Entity                                                                                                                                     ;
+----------------------------+-------------------+--------------+-------------+--------------+---------+-----------+-----------+------+--------------+---------------------+--------------+
; Compilation Hierarchy Node ; LC Combinationals ; LC Registers ; Memory Bits ; DSP Elements ; DSP 9x9 ; DSP 18x18 ; DSP 36x36 ; Pins ; Virtual Pins ; Full Hierarchy Name ; Library Name ;
+----------------------------+-------------------+--------------+-------------+--------------+---------+-----------+-----------+------+--------------+---------------------+--------------+
; |Incrementador             ; 0 (0)             ; 0 (0)        ; 0           ; 0            ; 0       ; 0         ; 0         ; 31   ; 0            ; |Incrementador      ; work         ;
+----------------------------+-------------------+--------------+-------------+--------------+---------+-----------+-----------+------+--------------+---------------------+--------------+
Note: For table entries with two numbers listed, the numbers in parentheses indicate the number of resources of the given type used by the specific entity alone. The numbers listed outside of parentheses indicate the total resources of the given type used by the specific entity and all of its sub-entities in the hierarchy.


+--------------------------------------------------------------------------------------------------------------------------------------------------------------------------------------------------+
; Analysis & Synthesis IP Cores Summary                                                                                                                                                            ;
+--------+--------------+---------+--------------+--------------+-------------------------------+--------------------------------------------------------------------------------------------------+
; Vendor ; IP Core Name ; Version ; Release Date ; License Type ; Entity Instance               ; IP Include File                                                                                  ;
+--------+--------------+---------+--------------+--------------+-------------------------------+--------------------------------------------------------------------------------------------------+
; Altera ; LPM_MUX      ; 13.1    ; N/A          ; N/A          ; |Incrementador|lpm_mux0:inst3 ; C:/Users/Usuario/Desktop/Folders/Facultad/1erCuatri2025/DiseñoLogico/IDL_Entregable/lpm_mux0.vhd ;
+--------+--------------+---------+--------------+--------------+-------------------------------+--------------------------------------------------------------------------------------------------+


+-------------------------------------------------------------------------------+
; Registers Removed During Synthesis                                            ;
+----------------------------------------+--------------------------------------+
; Register name                          ; Reason for Removal                   ;
+----------------------------------------+--------------------------------------+
; memoria:inst1|inst                     ; Stuck at GND due to stuck port clock ;
; memoria:inst1|inst3                    ; Stuck at GND due to stuck port clock ;
; memoria:inst1|inst4                    ; Stuck at GND due to stuck port clock ;
; memoria:inst1|inst5                    ; Stuck at GND due to stuck port clock ;
; memoria:inst1|inst6                    ; Stuck at GND due to stuck port clock ;
; memoria:inst1|inst7                    ; Stuck at GND due to stuck port clock ;
; memoria:inst1|inst8                    ; Stuck at GND due to stuck port clock ;
; memoria:inst1|inst9                    ; Stuck at GND due to stuck port clock ;
; memoria:inst1|inst10                   ; Stuck at GND due to stuck port clock ;
; memoria:inst1|inst11                   ; Stuck at GND due to stuck port clock ;
; memoria:inst1|inst13                   ; Stuck at GND due to stuck port clock ;
; memoria:inst1|inst12                   ; Stuck at GND due to stuck port clock ;
; MaquinaControlMultiplex:inst2|inst6    ; Lost fanout                          ;
; MaquinaControlMultiplex:inst2|inst7    ; Lost fanout                          ;
; Total Number of Removed Registers = 14 ;                                      ;
+----------------------------------------+--------------------------------------+


+---------------------------------------------------------------------------------------------------------------------------+
; Removed Registers Triggering Further Register Optimizations                                                               ;
+----------------------+-------------------------+--------------------------------------------------------------------------+
; Register name        ; Reason for Removal      ; Registers Removed due to This Register                                   ;
+----------------------+-------------------------+--------------------------------------------------------------------------+
; memoria:inst1|inst11 ; Stuck at GND            ; MaquinaControlMultiplex:inst2|inst6, MaquinaControlMultiplex:inst2|inst7 ;
;                      ; due to stuck port clock ;                                                                          ;
+----------------------+-------------------------+--------------------------------------------------------------------------+


+------------------------------------------------------+
; General Register Statistics                          ;
+----------------------------------------------+-------+
; Statistic                                    ; Value ;
+----------------------------------------------+-------+
; Total registers                              ; 0     ;
; Number of registers using Synchronous Clear  ; 0     ;
; Number of registers using Synchronous Load   ; 0     ;
; Number of registers using Asynchronous Clear ; 0     ;
; Number of registers using Asynchronous Load  ; 0     ;
; Number of registers using Clock Enable       ; 0     ;
; Number of registers using Preset             ; 0     ;
+----------------------------------------------+-------+


+---------------------------------------------------------------------------------------+
; Parameter Settings for User Entity Instance: lpm_mux0:inst3|LPM_MUX:LPM_MUX_component ;
+------------------------+---------------+----------------------------------------------+
; Parameter Name         ; Value         ; Type                                         ;
+------------------------+---------------+----------------------------------------------+
; AUTO_CARRY_CHAINS      ; ON            ; AUTO_CARRY                                   ;
; IGNORE_CARRY_BUFFERS   ; OFF           ; IGNORE_CARRY                                 ;
; AUTO_CASCADE_CHAINS    ; ON            ; AUTO_CASCADE                                 ;
; IGNORE_CASCADE_BUFFERS ; OFF           ; IGNORE_CASCADE                               ;
; LPM_WIDTH              ; 12            ; Signed Integer                               ;
; LPM_SIZE               ; 2             ; Signed Integer                               ;
; LPM_WIDTHS             ; 1             ; Signed Integer                               ;
; LPM_PIPELINE           ; 0             ; Signed Integer                               ;
; CBXI_PARAMETER         ; mux_uce       ; Untyped                                      ;
; DEVICE_FAMILY          ; Cyclone IV GX ; Untyped                                      ;
+------------------------+---------------+----------------------------------------------+
Note: In order to hide this table in the UI and the text report file, please set the "Show Parameter Settings in Synthesis Report" option in "Analysis and Synthesis Settings -> More Settings" to "Off".


+-------------------------------+
; Elapsed Time Per Partition    ;
+----------------+--------------+
; Partition Name ; Elapsed Time ;
+----------------+--------------+
; Top            ; 00:00:00     ;
+----------------+--------------+


+-------------------------------+
; Analysis & Synthesis Messages ;
+-------------------------------+
Info: *******************************************************************
Info: Running Quartus II 64-Bit Analysis & Synthesis
    Info: Version 13.1.0 Build 162 10/23/2013 SJ Web Edition
    Info: Processing started: Sun Jul 27 13:00:10 2025
Info: Command: quartus_map --read_settings_files=on --write_settings_files=off IDL_Integrador -c memoria
Warning (20028): Parallel compilation is not licensed and has been disabled
Info (12021): Found 1 design units, including 1 entities, in source file memoria.bdf
    Info (12023): Found entity 1: memoria
Info (12021): Found 1 design units, including 1 entities, in source file semisumador.bdf
    Info (12023): Found entity 1: SemiSumador
Info (12021): Found 1 design units, including 1 entities, in source file sumadorcompleto.bdf
    Info (12023): Found entity 1: SumadorCompleto
Info (12021): Found 1 design units, including 1 entities, in source file sumadorrecompleto123.bdf
    Info (12023): Found entity 1: SumadorReCompleto123
Warning (12019): Can't analyze file -- file main.bdf is missing
Info (12021): Found 1 design units, including 1 entities, in source file compa2bits.bdf
    Info (12023): Found entity 1: compa2bits
Info (12021): Found 1 design units, including 1 entities, in source file compa4bits.bdf
    Info (12023): Found entity 1: compa4bits
Info (12021): Found 1 design units, including 1 entities, in source file compa8bits.bdf
    Info (12023): Found entity 1: compa8bits
Info (12021): Found 1 design units, including 1 entities, in source file comparador12.bdf
    Info (12023): Found entity 1: comparador12
Info (12021): Found 1 design units, including 1 entities, in source file main2.bdf
    Info (12023): Found entity 1: main2
Info (12021): Found 1 design units, including 1 entities, in source file controllerd2.bdf
    Info (12023): Found entity 1: ControllerD2
Info (12021): Found 1 design units, including 1 entities, in source file controllerd1.bdf
    Info (12023): Found entity 1: ControllerD1
Info (12021): Found 1 design units, including 1 entities, in source file controllerd0.bdf
    Info (12023): Found entity 1: ControllerD0
Info (12021): Found 1 design units, including 1 entities, in source file modulocontrolador.bdf
    Info (12023): Found entity 1: ModuloControlador
Info (12021): Found 2 design units, including 1 entities, in source file lpm_mux0.vhd
    Info (12022): Found design unit 1: lpm_mux0-SYN
    Info (12023): Found entity 1: lpm_mux0
Info (12021): Found 1 design units, including 1 entities, in source file incrementador.bdf
    Info (12023): Found entity 1: Incrementador
Info (12021): Found 1 design units, including 1 entities, in source file maquinacontrolmultiplex.bdf
    Info (12023): Found entity 1: MaquinaControlMultiplex
Info (12127): Elaborating entity "Incrementador" for the top level hierarchy
Warning (275013): Port "CLK" of type memoria and instance "inst1" is missing source signal
Warning (275043): Pin "ou0" is missing source
Warning (275043): Pin "ou1" is missing source
Warning (275043): Pin "ou3" is missing source
Warning (275043): Pin "ou4" is missing source
Warning (275043): Pin "ou5" is missing source
Warning (275043): Pin "ou6" is missing source
Warning (275043): Pin "ou7" is missing source
Warning (275043): Pin "ou8" is missing source
Warning (275043): Pin "ou9" is missing source
Warning (275043): Pin "ou10" is missing source
Warning (275043): Pin "ou11" is missing source
Info (12128): Elaborating entity "SumadorReCompleto123" for hierarchy "SumadorReCompleto123:inst"
Warning (275011): Block or symbol "SemiSumador" of instance "inst" overlaps another block or symbol
Warning (275011): Block or symbol "SumadorCompleto" of instance "inst1" overlaps another block or symbol
Warning (275011): Block or symbol "SumadorCompleto" of instance "inst2" overlaps another block or symbol
Warning (275011): Block or symbol "SumadorCompleto" of instance "inst3" overlaps another block or symbol
Warning (275011): Block or symbol "SumadorCompleto" of instance "inst4" overlaps another block or symbol
Warning (275011): Block or symbol "SumadorCompleto" of instance "inst5" overlaps another block or symbol
Warning (275011): Block or symbol "SumadorCompleto" of instance "inst6" overlaps another block or symbol
Warning (275011): Block or symbol "SumadorCompleto" of instance "inst7" overlaps another block or symbol
Warning (275011): Block or symbol "SumadorCompleto" of instance "inst8" overlaps another block or symbol
Warning (275011): Block or symbol "SumadorCompleto" of instance "inst9" overlaps another block or symbol
Warning (275011): Block or symbol "SumadorCompleto" of instance "inst10" overlaps another block or symbol
Warning (275011): Block or symbol "SumadorCompleto" of instance "inst11" overlaps another block or symbol
Warning (275009): Pin "b1" not connected
Info (12128): Elaborating entity "SemiSumador" for hierarchy "SumadorReCompleto123:inst|SemiSumador:inst"
Info (12128): Elaborating entity "SumadorCompleto" for hierarchy "SumadorReCompleto123:inst|SumadorCompleto:inst1"
Info (12128): Elaborating entity "memoria" for hierarchy "memoria:inst1"
Info (12128): Elaborating entity "MaquinaControlMultiplex" for hierarchy "MaquinaControlMultiplex:inst2"
Info (12128): Elaborating entity "lpm_mux0" for hierarchy "lpm_mux0:inst3"
Info (12128): Elaborating entity "LPM_MUX" for hierarchy "lpm_mux0:inst3|LPM_MUX:LPM_MUX_component"
Info (12130): Elaborated megafunction instantiation "lpm_mux0:inst3|LPM_MUX:LPM_MUX_component"
Info (12133): Instantiated megafunction "lpm_mux0:inst3|LPM_MUX:LPM_MUX_component" with the following parameter:
    Info (12134): Parameter "LPM_WIDTH" = "12"
    Info (12134): Parameter "LPM_SIZE" = "2"
    Info (12134): Parameter "LPM_WIDTHS" = "1"
    Info (12134): Parameter "LPM_PIPELINE" = "0"
    Info (12134): Parameter "LPM_TYPE" = "LPM_MUX"
    Info (12134): Parameter "LPM_HINT" = "UNUSED"
Info (12021): Found 1 design units, including 1 entities, in source file db/mux_uce.tdf
    Info (12023): Found entity 1: mux_uce
Info (12128): Elaborating entity "mux_uce" for hierarchy "lpm_mux0:inst3|LPM_MUX:LPM_MUX_component|mux_uce:auto_generated"
Warning (13024): Output pins are stuck at VCC or GND
    Warning (13410): Pin "CarryFinal" is stuck at GND
    Warning (13410): Pin "ou0" is stuck at GND
    Warning (13410): Pin "ou1" is stuck at GND
    Warning (13410): Pin "ou3" is stuck at GND
    Warning (13410): Pin "ou4" is stuck at GND
    Warning (13410): Pin "ou5" is stuck at GND
    Warning (13410): Pin "ou6" is stuck at GND
    Warning (13410): Pin "ou7" is stuck at GND
    Warning (13410): Pin "ou8" is stuck at GND
    Warning (13410): Pin "ou9" is stuck at GND
    Warning (13410): Pin "ou10" is stuck at GND
    Warning (13410): Pin "ou11" is stuck at GND
Info (17049): 2 registers lost all their fanouts during netlist optimizations.
Info (16010): Generating hard_block partition "hard_block:auto_generated_inst"
    Info (16011): Adding 0 node(s), including 0 DDIO, 0 PLL, 0 transceiver and 0 LCELL
Warning (21074): Design contains 17 input pin(s) that do not drive logic
    Warning (15610): No output dependent on input pin "b0"
    Warning (15610): No output dependent on input pin "ActivarConteo"
    Warning (15610): No output dependent on input pin "ClockIn"
    Warning (15610): No output dependent on input pin "ResetFFIn"
    Warning (15610): No output dependent on input pin "data11"
    Warning (15610): No output dependent on input pin "data10"
    Warning (15610): No output dependent on input pin "data9"
    Warning (15610): No output dependent on input pin "data8"
    Warning (15610): No output dependent on input pin "data7"
    Warning (15610): No output dependent on input pin "data6"
    Warning (15610): No output dependent on input pin "data5"
    Warning (15610): No output dependent on input pin "data4"
    Warning (15610): No output dependent on input pin "data3"
    Warning (15610): No output dependent on input pin "data2"
    Warning (15610): No output dependent on input pin "data1"
    Warning (15610): No output dependent on input pin "Data0"
    Warning (15610): No output dependent on input pin "b1"
Info (21057): Implemented 31 device resources after synthesis - the final resource count might be different
    Info (21058): Implemented 18 input pins
    Info (21059): Implemented 13 output pins
Info: Quartus II 64-Bit Analysis & Synthesis was successful. 0 errors, 58 warnings
    Info: Peak virtual memory: 4726 megabytes
    Info: Processing ended: Sun Jul 27 13:00:13 2025
    Info: Elapsed time: 00:00:03
    Info: Total CPU time (on all processors): 00:00:03


